[debug] [2025-11-10T18:50:21.217Z] ----------------------------------------------------------------------
[debug] [2025-11-10T18:50:21.222Z] Command:       /usr/local/bin/node /usr/local/bin/firebase init
[debug] [2025-11-10T18:50:21.223Z] CLI Version:   14.24.2
[debug] [2025-11-10T18:50:21.223Z] Platform:      darwin
[debug] [2025-11-10T18:50:21.223Z] Node Version:  v22.20.0
[debug] [2025-11-10T18:50:21.223Z] Time:          Mon Nov 10 2025 15:50:21 GMT-0300 (Chile Summer Time)
[debug] [2025-11-10T18:50:21.223Z] ----------------------------------------------------------------------
[debug] 
[info] 
     ######## #### ########  ######## ########     ###     ######  ########
     ##        ##  ##     ## ##       ##     ##  ##   ##  ##       ##
     ######    ##  ########  ######   ########  #########  ######  ######
     ##        ##  ##    ##  ##       ##     ## ##     ##       ## ##
     ##       #### ##     ## ######## ########  ##     ##  ######  ########

You're about to initialize a Firebase project in this directory:

  /Users/benja/permisApp

Before we get started, keep in mind:

  * You are initializing within an existing Firebase project directory

[info] 
=== Project Setup
[info] 
[info] First, let's associate this project directory with a Firebase project.
[info] You can create multiple project aliases by running firebase use --add, 
[info] 
[debug] [2025-11-10T18:50:30.280Z] > command requires scopes: ["email","openid","https://www.googleapis.com/auth/cloudplatformprojects.readonly","https://www.googleapis.com/auth/firebase","https://www.googleapis.com/auth/cloud-platform"]
[debug] [2025-11-10T18:50:30.280Z] > authorizing via signed-in user (balmendra.f@gmail.com)
[debug] [2025-11-10T18:50:30.281Z] Checked if tokens are valid: true, expires at: 1762803796959
[debug] [2025-11-10T18:50:30.281Z] Checked if tokens are valid: true, expires at: 1762803796959
[debug] [2025-11-10T18:50:30.282Z] >>> [apiv2][query] GET https://firebase.googleapis.com/v1beta1/projects/expo-boilerplate-be203 [none]
[debug] [2025-11-10T18:50:30.714Z] <<< [apiv2][status] GET https://firebase.googleapis.com/v1beta1/projects/expo-boilerplate-be203 200
[debug] [2025-11-10T18:50:30.714Z] <<< [apiv2][body] GET https://firebase.googleapis.com/v1beta1/projects/expo-boilerplate-be203 {"projectId":"expo-boilerplate-be203","projectNumber":"336438594969","displayName":"expo-boilerplate","name":"projects/expo-boilerplate-be203","resources":{"hostingSite":"expo-boilerplate-be203"},"state":"ACTIVE","etag":"1_2f863f32-935c-47b5-b6f5-3e698443f9cc"}
[info] i  Using project expo-boilerplate-be203 (expo-boilerplate) . 
[info] 
=== Functions Setup
[debug] [2025-11-10T18:50:30.721Z] > command requires scopes: ["email","openid","https://www.googleapis.com/auth/cloudplatformprojects.readonly","https://www.googleapis.com/auth/firebase","https://www.googleapis.com/auth/cloud-platform"]
[debug] [2025-11-10T18:50:30.722Z] > authorizing via signed-in user (balmendra.f@gmail.com)
[debug] [2025-11-10T18:50:30.722Z] [iam] checking project expo-boilerplate-be203 for permissions ["firebase.projects.get"]
[debug] [2025-11-10T18:50:30.722Z] Checked if tokens are valid: true, expires at: 1762803796959
[debug] [2025-11-10T18:50:30.722Z] Checked if tokens are valid: true, expires at: 1762803796959
[debug] [2025-11-10T18:50:30.722Z] >>> [apiv2][query] POST https://cloudresourcemanager.googleapis.com/v1/projects/expo-boilerplate-be203:testIamPermissions [none]
[debug] [2025-11-10T18:50:30.722Z] >>> [apiv2][(partial)header] POST https://cloudresourcemanager.googleapis.com/v1/projects/expo-boilerplate-be203:testIamPermissions x-goog-quota-user=projects/expo-boilerplate-be203
[debug] [2025-11-10T18:50:30.722Z] >>> [apiv2][body] POST https://cloudresourcemanager.googleapis.com/v1/projects/expo-boilerplate-be203:testIamPermissions {"permissions":["firebase.projects.get"]}
[debug] [2025-11-10T18:50:31.731Z] <<< [apiv2][status] POST https://cloudresourcemanager.googleapis.com/v1/projects/expo-boilerplate-be203:testIamPermissions 200
[debug] [2025-11-10T18:50:31.731Z] <<< [apiv2][body] POST https://cloudresourcemanager.googleapis.com/v1/projects/expo-boilerplate-be203:testIamPermissions {"permissions":["firebase.projects.get"]}
[info] 
Detected existing codebase(s): default

[debug] [2025-11-10T18:50:41.891Z] ExitPromptError: User force closed the prompt with SIGINT
    at Interface.sigint (/usr/local/lib/node_modules/firebase-tools/node_modules/@inquirer/core/dist/commonjs/lib/create-prompt.js:101:37)
    at Interface.emit (node:events:519:28)
    at Interface.emit (node:domain:489:12)
    at [_ttyWrite] [as _ttyWrite] (node:internal/readline/interface:1128:18)
    at ReadStream.onkeypress (node:internal/readline/interface:271:20)
    at ReadStream.emit (node:events:531:35)
    at ReadStream.emit (node:domain:489:12)
    at emitKeys (node:internal/readline/utils:370:14)
    at emitKeys.next (<anonymous>)
    at ReadStream.onData (node:internal/readline/emitKeypressEvents:64:36)
[error] 
[error] Error: An unexpected error has occurred.
